<?xml version="1.0" encoding="UTF-8"?>
<!-- Generated by org.testng.reporters.JUnitReportReporter -->
<testsuite hostname="Ashwin" failures="0" tests="20" name="TestCase.myProfile" time="18.344" errors="0" timestamp="2023-03-27T17:16:35 IST" skipped="3">
  <testcase classname="TestCase.myProfile" name="loginPositive" time="4.306"/>
  <system-out/>
  <testcase classname="TestCase.myProfile" name="myprofile" time="2.044"/>
  <system-out/>
  <testcase classname="TestCase.myProfile" name="IdNumber" time="4.168"/>
  <system-out/>
  <testcase classname="TestCase.myProfile" name="Address1" time="0.080"/>
  <system-out/>
  <testcase classname="TestCase.myProfile" name="Address2" time="0.086"/>
  <system-out/>
  <testcase classname="TestCase.myProfile" name="CityName" time="0.096"/>
  <system-out/>
  <testcase classname="TestCase.myProfile" name="PostalCode" time="0.092"/>
  <system-out/>
  <testcase classname="TestCase.myProfile" name="State" time="0.097"/>
  <system-out/>
  <testcase classname="TestCase.myProfile" name="MaritalStatus" time="0.090"/>
  <system-out/>
  <testcase classname="TestCase.myProfile" name="CountryCode" time="2.103"/>
  <system-out/>
  <testcase classname="TestCase.myProfile" name="IdIssuedCountry" time="2.138"/>
  <system-out/>
  <testcase classname="TestCase.myProfile" name="IdType" time="2.133"/>
  <system-out/>
  <testcase classname="TestCase.myProfile" name="PhoneNumber" time="0.098"/>
  <system-out/>
  <testcase classname="TestCase.myProfile" name="BankName" time="0.094"/>
  <system-out/>
  <testcase classname="TestCase.myProfile" name="AccountNumber" time="0.087"/>
  <system-out/>
  <testcase classname="TestCase.myProfile" name="BranchName" time="0.076"/>
  <system-out/>
  <testcase classname="TestCase.myProfile" name="Save" time="0.556"/>
  <system-out/>
  <testcase classname="TestCase.myProfile" name="MyPofileUpdate">
    <skipped/>
  </testcase> <!-- MyPofileUpdate -->
  <system-out/>
  <testcase classname="TestCase.myProfile" name="Namefield">
    <skipped/>
  </testcase> <!-- Namefield -->
  <system-out/>
  <testcase classname="TestCase.myProfile" name="DOB">
    <skipped/>
  </testcase> <!-- DOB -->
  <system-out/>
</testsuite> <!-- TestCase.myProfile -->
