<?xml version="1.0" encoding="UTF-8"?>
<!-- Generated by org.testng.reporters.JUnitReportReporter -->
<testsuite hostname="Ashwin" failures="0" tests="5" name="TestCase.AdvanceWillTraditional" time="19.103" errors="0" timestamp="2023-03-27T19:07:14 IST" skipped="0">
  <testcase classname="TestCase.AdvanceWillTraditional" name="loginPositive" time="2.201"/>
  <system-out/>
  <testcase classname="TestCase.AdvanceWillTraditional" name="CreateMenuNavigation" time="1.846"/>
  <system-out/>
  <testcase classname="TestCase.AdvanceWillTraditional" name="Selectproducts" time="3.645"/>
  <system-out/>
  <testcase classname="TestCase.AdvanceWillTraditional" name="Step1" time="9.634"/>
  <system-out/>
  <testcase classname="TestCase.AdvanceWillTraditional" name="Existngwill" time="1.777"/>
  <system-out/>
</testsuite> <!-- TestCase.AdvanceWillTraditional -->
