<?xml version="1.0" encoding="UTF-8"?>
<!-- Generated by org.testng.reporters.JUnitReportReporter -->
<testsuite hostname="Ashwin" failures="0" tests="5" name="TestCase.Loginpage" time="38.296" errors="0" timestamp="2023-03-27T17:16:35 IST" skipped="0">
  <testcase classname="TestCase.Loginpage" name="loginNegativeMailID" time="6.946"/>
  <system-out/>
  <testcase classname="TestCase.Loginpage" name="loginNegativeMailID" time="8.137"/>
  <system-out/>
  <testcase classname="TestCase.Loginpage" name="loginNegativeMailID" time="6.924"/>
  <system-out/>
  <testcase classname="TestCase.Loginpage" name="loginNegativeInvalidOTP" time="8.422"/>
  <system-out/>
  <testcase classname="TestCase.Loginpage" name="loginPositive" time="7.867"/>
  <system-out/>
</testsuite> <!-- TestCase.Loginpage -->
