<?xml version="1.0" encoding="UTF-8"?>
<!-- Generated by org.testng.reporters.JUnitReportReporter -->
<testsuite hostname="Ashwin" failures="0" tests="8" name="TestCase.ManageView" time="8.348" errors="0" timestamp="2023-03-27T17:16:35 IST" skipped="0">
  <testcase classname="TestCase.ManageView" name="loginPositive" time="2.719"/>
  <system-out/>
  <testcase classname="TestCase.ManageView" name="Mybeneficiary" time="4.066"/>
  <system-out/>
  <testcase classname="TestCase.ManageView" name="MyGuardian" time="0.085"/>
  <system-out/>
  <testcase classname="TestCase.ManageView" name="MyWitness" time="0.082"/>
  <system-out/>
  <testcase classname="TestCase.ManageView" name="MyExecutor" time="0.092"/>
  <system-out/>
  <testcase classname="TestCase.ManageView" name="MyTrustedPerson" time="0.079"/>
  <system-out/>
  <testcase classname="TestCase.ManageView" name="MyAsset" time="0.847"/>
  <system-out/>
  <testcase classname="TestCase.ManageView" name="MyJointcustomer" time="0.378"/>
  <system-out/>
</testsuite> <!-- TestCase.ManageView -->
