<?xml version="1.0" encoding="UTF-8"?>
<!-- Generated by org.testng.reporters.JUnitReportReporter -->
<testsuite hostname="Ashwin" failures="0" tests="5" name="TestCase.SwitchProfile" time="5.091" errors="0" timestamp="2023-03-27T17:16:35 IST" skipped="0">
  <testcase classname="TestCase.SwitchProfile" name="loginPositive" time="2.784"/>
  <system-out/>
  <testcase classname="TestCase.SwitchProfile" name="switchPartner" time="2.039"/>
  <system-out/>
  <testcase classname="TestCase.SwitchProfile" name="switchAgent" time="0.094"/>
  <system-out/>
  <testcase classname="TestCase.SwitchProfile" name="switchManager" time="0.079"/>
  <system-out/>
  <testcase classname="TestCase.SwitchProfile" name="switchCustomer" time="0.095"/>
  <system-out/>
</testsuite> <!-- TestCase.SwitchProfile -->
