<?xml version="1.0" encoding="UTF-8"?>
<!-- Generated by org.testng.reporters.JUnitReportReporter -->
<testsuite hostname="Ashwin" failures="0" tests="8" name="TestCase.Manage1" time="12.578" errors="0" timestamp="2023-03-22T10:57:05 IST" skipped="0">
  <testcase classname="TestCase.Manage1" name="loginPositive" time="6.770"/>
  <system-out/>
  <testcase classname="TestCase.Manage1" name="Mybeneficiary" time="4.061"/>
  <system-out/>
  <testcase classname="TestCase.Manage1" name="MyGuardian" time="0.084"/>
  <system-out/>
  <testcase classname="TestCase.Manage1" name="MyWitness" time="0.078"/>
  <system-out/>
  <testcase classname="TestCase.Manage1" name="MyExecutor" time="0.074"/>
  <system-out/>
  <testcase classname="TestCase.Manage1" name="MyAsset" time="0.987"/>
  <system-out/>
  <testcase classname="TestCase.Manage1" name="MyTrustedPerson" time="0.081"/>
  <system-out/>
  <testcase classname="TestCase.Manage1" name="MyJointcustomer" time="0.443"/>
  <system-out/>
</testsuite> <!-- TestCase.Manage1 -->
