<?xml version="1.0" encoding="UTF-8"?>
<!-- Generated by org.testng.reporters.JUnitReportReporter -->
<testsuite hostname="Ashwin" failures="0" tests="3" name="TestCase.Dashboard" time="4.023" errors="0" timestamp="2023-03-27T17:16:35 IST" skipped="0">
  <testcase classname="TestCase.Dashboard" name="loginPositive" time="2.042"/>
  <system-out/>
  <testcase classname="TestCase.Dashboard" name="Dashboard" time="1.902"/>
  <system-out/>
  <testcase classname="TestCase.Dashboard" name="MyData" time="0.079"/>
  <system-out/>
</testsuite> <!-- TestCase.Dashboard -->
