<?xml version="1.0" encoding="UTF-8"?>
<!-- Generated by org.testng.reporters.JUnitReportReporter -->
<testsuite hostname="Ashwin" failures="0" tests="5" name="TestCase.ManageBeneficairy" time="13.684" errors="0" timestamp="2023-03-27T17:23:19 IST" skipped="0">
  <testcase classname="TestCase.ManageBeneficairy" name="loginPositive" time="2.179"/>
  <system-out/>
  <testcase classname="TestCase.ManageBeneficairy" name="Mybeneficiary" time="2.393"/>
  <system-out/>
  <testcase classname="TestCase.ManageBeneficairy" name="AddBeneficiary" time="1.167"/>
  <system-out/>
  <testcase classname="TestCase.ManageBeneficairy" name="Beneficiarydetails" time="4.889"/>
  <system-out/>
  <testcase classname="TestCase.ManageBeneficairy" name="Identificationdetails" time="3.056"/>
  <system-out/>
</testsuite> <!-- TestCase.ManageBeneficairy -->
